0 info it worked if it ends with ok
1 verbose cli [ 'd:\\Program Files\\nodejs\\node.exe',
1 verbose cli   'd:\\Program Files\\nodejs\\node_modules\\npm\\bin\\npm-cli.js',
1 verbose cli   'i',
1 verbose cli   'style-loader',
1 verbose cli   '--save' ]
2 info using npm@2.14.20
3 info using node@v4.4.0
4 verbose install initial load of c:\Users\99476\Documents\Github\graduation-project\package.json
5 warn package.json graduation-project@1.0.0 No repository field.
6 warn package.json graduation-project@1.0.0 No README data
7 verbose installManyTop reading scoped package data from c:\Users\99476\Documents\Github\graduation-project\node_modules\antd\package.json
8 verbose installManyTop reading scoped package data from c:\Users\99476\Documents\Github\graduation-project\node_modules\babel-core\package.json
9 verbose installManyTop reading scoped package data from c:\Users\99476\Documents\Github\graduation-project\node_modules\babel-loader\package.json
10 verbose installManyTop reading scoped package data from c:\Users\99476\Documents\Github\graduation-project\node_modules\babel-preset-es2015\package.json
11 verbose installManyTop reading scoped package data from c:\Users\99476\Documents\Github\graduation-project\node_modules\babel-preset-react\package.json
12 verbose installManyTop reading scoped package data from c:\Users\99476\Documents\Github\graduation-project\node_modules\css-loader\package.json
13 verbose installManyTop reading scoped package data from c:\Users\99476\Documents\Github\graduation-project\node_modules\html-webpack-plugin\package.json
14 verbose installManyTop reading scoped package data from c:\Users\99476\Documents\Github\graduation-project\node_modules\less\package.json
15 verbose installManyTop reading scoped package data from c:\Users\99476\Documents\Github\graduation-project\node_modules\less-loader\package.json
16 verbose installManyTop reading scoped package data from c:\Users\99476\Documents\Github\graduation-project\node_modules\react\package.json
17 verbose installManyTop reading scoped package data from c:\Users\99476\Documents\Github\graduation-project\node_modules\react-dom\package.json
18 verbose installManyTop reading scoped package data from c:\Users\99476\Documents\Github\graduation-project\node_modules\webpack\package.json
19 info package.json less-loader@2.2.3 No license field.
20 verbose readDependencies loading dependencies from c:\Users\99476\Documents\Github\graduation-project\package.json
21 silly cache add args [ 'style-loader', null ]
22 verbose cache add spec style-loader
23 silly cache add parsed spec Result {
23 silly cache add   raw: 'style-loader',
23 silly cache add   scope: null,
23 silly cache add   name: 'style-loader',
23 silly cache add   rawSpec: '',
23 silly cache add   spec: 'latest',
23 silly cache add   type: 'tag' }
24 silly addNamed style-loader@latest
25 verbose addNamed "latest" is being treated as a dist-tag for style-loader
26 info addNameTag [ 'style-loader', 'latest' ]
27 silly mapToRegistry name style-loader
28 silly mapToRegistry using default registry
29 silly mapToRegistry registry https://registry.npmjs.org/
30 silly mapToRegistry uri https://registry.npmjs.org/style-loader
31 verbose addNameTag registry:https://registry.npmjs.org/style-loader not in flight; fetching
32 verbose request uri https://registry.npmjs.org/style-loader
33 verbose request no auth needed
34 info attempt registry request try #1 at 23:35:18
35 verbose request id 1990888f4ad50cbd
36 http request GET https://registry.npmjs.org/style-loader
37 http 200 https://registry.npmjs.org/style-loader
38 verbose headers { server: 'CouchDB/1.5.0 (Erlang OTP/R16B03)',
38 verbose headers   etag: '"9A5AUJTHN0GG979R0J1HOKJK"',
38 verbose headers   'content-type': 'application/json',
38 verbose headers   'cache-control': 'max-age=300',
38 verbose headers   'content-length': '33116',
38 verbose headers   'accept-ranges': 'bytes',
38 verbose headers   date: 'Mon, 11 Apr 2016 15:35:15 GMT',
38 verbose headers   via: '1.1 varnish',
38 verbose headers   age: '0',
38 verbose headers   connection: 'keep-alive',
38 verbose headers   'x-served-by': 'cache-itm7425-ITM',
38 verbose headers   'x-cache': 'HIT',
38 verbose headers   'x-cache-hits': '1',
38 verbose headers   'x-timer': 'S1460388914.580015,VS0,VE614',
38 verbose headers   vary: 'Accept-Encoding' }
39 silly get cb [ 200,
39 silly get   { server: 'CouchDB/1.5.0 (Erlang OTP/R16B03)',
39 silly get     etag: '"9A5AUJTHN0GG979R0J1HOKJK"',
39 silly get     'content-type': 'application/json',
39 silly get     'cache-control': 'max-age=300',
39 silly get     'content-length': '33116',
39 silly get     'accept-ranges': 'bytes',
39 silly get     date: 'Mon, 11 Apr 2016 15:35:15 GMT',
39 silly get     via: '1.1 varnish',
39 silly get     age: '0',
39 silly get     connection: 'keep-alive',
39 silly get     'x-served-by': 'cache-itm7425-ITM',
39 silly get     'x-cache': 'HIT',
39 silly get     'x-cache-hits': '1',
39 silly get     'x-timer': 'S1460388914.580015,VS0,VE614',
39 silly get     vary: 'Accept-Encoding' } ]
40 verbose get saving style-loader to C:\Users\99476\AppData\Roaming\npm-cache\registry.npmjs.org\style-loader\.cache.json
41 verbose correctMkdir C:\Users\99476\AppData\Roaming\npm-cache correctMkdir not in flight; initializing
42 silly addNameTag next cb for style-loader with tag latest
43 silly addNamed style-loader@0.13.1
44 verbose addNamed "0.13.1" is a plain semver version for style-loader
45 silly mapToRegistry name style-loader
46 silly mapToRegistry using default registry
47 silly mapToRegistry registry https://registry.npmjs.org/
48 silly mapToRegistry uri https://registry.npmjs.org/style-loader
49 verbose addRemoteTarball https://registry.npmjs.org/style-loader/-/style-loader-0.13.1.tgz not in flight; adding
50 verbose addRemoteTarball [ 'https://registry.npmjs.org/style-loader/-/style-loader-0.13.1.tgz',
50 verbose addRemoteTarball   '468280efbc0473023cd3a6cd56e33b5a1d7fc3a9' ]
51 info retry fetch attempt 1 at 23:35:19
52 info attempt registry request try #1 at 23:35:19
53 http fetch GET https://registry.npmjs.org/style-loader/-/style-loader-0.13.1.tgz
54 http fetch 200 https://registry.npmjs.org/style-loader/-/style-loader-0.13.1.tgz
55 silly fetchAndShaCheck shasum 468280efbc0473023cd3a6cd56e33b5a1d7fc3a9
56 verbose addTmpTarball C:\Users\99476\AppData\Local\Temp\npm-11476-cbcfaa5d\registry.npmjs.org\style-loader\-\style-loader-0.13.1.tgz not in flight; adding
57 verbose addTmpTarball already have metadata; skipping unpack for style-loader@0.13.1
58 verbose correctMkdir C:\Users\99476\AppData\Roaming\npm-cache correctMkdir not in flight; initializing
59 silly cache afterAdd style-loader@0.13.1
60 verbose afterAdd C:\Users\99476\AppData\Roaming\npm-cache\style-loader\0.13.1\package\package.json not in flight; writing
61 verbose correctMkdir C:\Users\99476\AppData\Roaming\npm-cache correctMkdir not in flight; initializing
62 verbose afterAdd C:\Users\99476\AppData\Roaming\npm-cache\style-loader\0.13.1\package\package.json written
63 silly install resolved [ { name: 'style-loader',
63 silly install resolved     version: '0.13.1',
63 silly install resolved     author: { name: 'Tobias Koppers @sokra' },
63 silly install resolved     description: 'style loader module for webpack',
63 silly install resolved     devDependencies: { 'css-loader': '~0.8.0' },
63 silly install resolved     repository:
63 silly install resolved      { type: 'git',
63 silly install resolved        url: 'git+ssh://git@github.com/webpack/style-loader.git' },
63 silly install resolved     license: 'MIT',
63 silly install resolved     dependencies: { 'loader-utils': '^0.2.7' },
63 silly install resolved     gitHead: 'bba5bdb192b3d0cb487e2043a011562c6801f2c8',
63 silly install resolved     bugs: { url: 'https://github.com/webpack/style-loader/issues' },
63 silly install resolved     homepage: 'https://github.com/webpack/style-loader#readme',
63 silly install resolved     _id: 'style-loader@0.13.1',
63 silly install resolved     scripts: {},
63 silly install resolved     _shasum: '468280efbc0473023cd3a6cd56e33b5a1d7fc3a9',
63 silly install resolved     _from: 'style-loader@latest',
63 silly install resolved     _npmVersion: '3.3.3',
63 silly install resolved     _nodeVersion: '5.4.1',
63 silly install resolved     _npmUser: { name: 'sokra', email: 'tobias.koppers@googlemail.com' },
63 silly install resolved     dist:
63 silly install resolved      { shasum: '468280efbc0473023cd3a6cd56e33b5a1d7fc3a9',
63 silly install resolved        tarball: 'https://registry.npmjs.org/style-loader/-/style-loader-0.13.1.tgz' },
63 silly install resolved     maintainers: [ [Object] ],
63 silly install resolved     _npmOperationalInternal:
63 silly install resolved      { host: 'packages-12-west.internal.npmjs.com',
63 silly install resolved        tmp: 'tmp/style-loader-0.13.1.tgz_1458847789435_0.8123822319321334' },
63 silly install resolved     directories: {},
63 silly install resolved     _resolved: 'https://registry.npmjs.org/style-loader/-/style-loader-0.13.1.tgz' } ]
64 info install style-loader@0.13.1 into c:\Users\99476\Documents\Github\graduation-project
65 info installOne style-loader@0.13.1
66 verbose installOne of style-loader to c:\Users\99476\Documents\Github\graduation-project not in flight; installing
67 verbose correctMkdir C:\Users\99476\AppData\Roaming\npm-cache\_locks correctMkdir not in flight; initializing
68 verbose lock using C:\Users\99476\AppData\Roaming\npm-cache\_locks\style-loader-3fc246e208956d20.lock for c:\Users\99476\Documents\Github\graduation-project\node_modules\style-loader
69 silly install write writing style-loader 0.13.1 to c:\Users\99476\Documents\Github\graduation-project\node_modules\style-loader
70 verbose unbuild node_modules\style-loader
71 silly gentlyRm c:\Users\99476\Documents\Github\graduation-project\node_modules\style-loader is being purged from base c:\Users\99476\Documents\Github\graduation-project
72 verbose gentlyRm don't care about contents; nuking c:\Users\99476\Documents\Github\graduation-project\node_modules\style-loader
73 verbose tar unpack C:\Users\99476\AppData\Roaming\npm-cache\style-loader\0.13.1\package.tgz
74 verbose tar unpacking to c:\Users\99476\Documents\Github\graduation-project\node_modules\style-loader
75 silly gentlyRm c:\Users\99476\Documents\Github\graduation-project\node_modules\style-loader is being purged
76 verbose gentlyRm don't care about contents; nuking c:\Users\99476\Documents\Github\graduation-project\node_modules\style-loader
77 silly gunzTarPerm modes [ '777', '666' ]
78 silly gunzTarPerm extractEntry package.json
79 silly gunzTarPerm extractEntry .npmignore
80 silly gunzTarPerm extractEntry README.md
81 silly gunzTarPerm extractEntry addStyleUrl.js
82 silly gunzTarPerm extractEntry addStyles.js
83 silly gunzTarPerm extractEntry index.js
84 silly gunzTarPerm extractEntry url.js
85 silly gunzTarPerm extractEntry useable.js
86 verbose write writing to c:\Users\99476\Documents\Github\graduation-project\node_modules\style-loader\package.json
87 info preinstall style-loader@0.13.1
88 verbose readDependencies loading dependencies from c:\Users\99476\Documents\Github\graduation-project\node_modules\style-loader\package.json
89 silly prepareForInstallMany adding loader-utils@^0.2.7 from style-loader dependencies
90 verbose readDependencies loading dependencies from c:\Users\99476\Documents\Github\graduation-project\node_modules\style-loader\package.json
91 silly cache add args [ 'loader-utils@^0.2.7', null ]
92 verbose cache add spec loader-utils@^0.2.7
93 silly cache add parsed spec Result {
93 silly cache add   raw: 'loader-utils@^0.2.7',
93 silly cache add   scope: null,
93 silly cache add   name: 'loader-utils',
93 silly cache add   rawSpec: '^0.2.7',
93 silly cache add   spec: '>=0.2.7 <0.3.0',
93 silly cache add   type: 'range' }
94 silly addNamed loader-utils@>=0.2.7 <0.3.0
95 verbose addNamed ">=0.2.7 <0.3.0" is a valid semver range for loader-utils
96 silly addNameRange { name: 'loader-utils', range: '>=0.2.7 <0.3.0', hasData: false }
97 silly mapToRegistry name loader-utils
98 silly mapToRegistry using default registry
99 silly mapToRegistry registry https://registry.npmjs.org/
100 silly mapToRegistry uri https://registry.npmjs.org/loader-utils
101 verbose addNameRange registry:https://registry.npmjs.org/loader-utils not in flight; fetching
102 verbose request uri https://registry.npmjs.org/loader-utils
103 verbose request no auth needed
104 info attempt registry request try #1 at 23:35:20
105 verbose etag "64J9P2CD983OMA4EDBTDA6ELD"
106 http request GET https://registry.npmjs.org/loader-utils
107 http 304 https://registry.npmjs.org/loader-utils
108 verbose headers { date: 'Mon, 11 Apr 2016 15:35:15 GMT',
108 verbose headers   via: '1.1 varnish',
108 verbose headers   'cache-control': 'max-age=300',
108 verbose headers   etag: '"64J9P2CD983OMA4EDBTDA6ELD"',
108 verbose headers   age: '0',
108 verbose headers   connection: 'keep-alive',
108 verbose headers   'x-served-by': 'cache-itm7420-ITM',
108 verbose headers   'x-cache': 'HIT',
108 verbose headers   'x-cache-hits': '1',
108 verbose headers   'x-timer': 'S1460388915.852601,VS0,VE815',
108 verbose headers   vary: 'Accept-Encoding' }
109 silly get cb [ 304,
109 silly get   { date: 'Mon, 11 Apr 2016 15:35:15 GMT',
109 silly get     via: '1.1 varnish',
109 silly get     'cache-control': 'max-age=300',
109 silly get     etag: '"64J9P2CD983OMA4EDBTDA6ELD"',
109 silly get     age: '0',
109 silly get     connection: 'keep-alive',
109 silly get     'x-served-by': 'cache-itm7420-ITM',
109 silly get     'x-cache': 'HIT',
109 silly get     'x-cache-hits': '1',
109 silly get     'x-timer': 'S1460388915.852601,VS0,VE815',
109 silly get     vary: 'Accept-Encoding' } ]
110 verbose etag https://registry.npmjs.org/loader-utils from cache
111 verbose get saving loader-utils to C:\Users\99476\AppData\Roaming\npm-cache\registry.npmjs.org\loader-utils\.cache.json
112 verbose correctMkdir C:\Users\99476\AppData\Roaming\npm-cache correctMkdir not in flight; initializing
113 silly addNameRange number 2 { name: 'loader-utils', range: '>=0.2.7 <0.3.0', hasData: true }
114 silly addNameRange versions [ 'loader-utils',
114 silly addNameRange   [ '0.1.0',
114 silly addNameRange     '0.1.1',
114 silly addNameRange     '0.1.2',
114 silly addNameRange     '0.2.0',
114 silly addNameRange     '0.2.1',
114 silly addNameRange     '0.2.2',
114 silly addNameRange     '0.2.3',
114 silly addNameRange     '0.2.4',
114 silly addNameRange     '0.2.5',
114 silly addNameRange     '0.2.6',
114 silly addNameRange     '0.2.7',
114 silly addNameRange     '0.2.8',
114 silly addNameRange     '0.2.9',
114 silly addNameRange     '0.2.10',
114 silly addNameRange     '0.2.11',
114 silly addNameRange     '0.2.12',
114 silly addNameRange     '0.2.13',
114 silly addNameRange     '0.2.14' ] ]
115 silly addNamed loader-utils@0.2.14
116 verbose addNamed "0.2.14" is a plain semver version for loader-utils
117 silly cache afterAdd loader-utils@0.2.14
118 verbose afterAdd C:\Users\99476\AppData\Roaming\npm-cache\loader-utils\0.2.14\package\package.json not in flight; writing
119 verbose correctMkdir C:\Users\99476\AppData\Roaming\npm-cache correctMkdir not in flight; initializing
120 verbose afterAdd C:\Users\99476\AppData\Roaming\npm-cache\loader-utils\0.2.14\package\package.json written
121 silly install resolved [ { name: 'loader-utils',
121 silly install resolved     version: '0.2.14',
121 silly install resolved     author: { name: 'Tobias Koppers @sokra' },
121 silly install resolved     description: 'utils for webpack loaders',
121 silly install resolved     dependencies:
121 silly install resolved      { 'big.js': '^3.1.3',
121 silly install resolved        'emojis-list': '^1.0.0',
121 silly install resolved        json5: '^0.5.0',
121 silly install resolved        'object-assign': '^4.0.1' },
121 silly install resolved     scripts:
121 silly install resolved      { test: 'mocha',
121 silly install resolved        travis: 'npm run cover -- --report lcovonly',
121 silly install resolved        cover: 'istanbul cover -x *.runtime.js node_modules/mocha/bin/_mocha',
121 silly install resolved        'publish-patch': 'mocha && npm version patch && git push && git push --tags && npm publish' },
121 silly install resolved     license: 'MIT',
121 silly install resolved     repository:
121 silly install resolved      { type: 'git',
121 silly install resolved        url: 'git+https://github.com/webpack/loader-utils.git' },
121 silly install resolved     devDependencies: { coveralls: '^2.11.2', istanbul: '^0.3.14', mocha: '^1.21.4' },
121 silly install resolved     files: [ 'index.js' ],
121 silly install resolved     gitHead: 'fc647bb47b662771d26529c3157a8d2bc2579844',
121 silly install resolved     bugs: { url: 'https://github.com/webpack/loader-utils/issues' },
121 silly install resolved     homepage: 'https://github.com/webpack/loader-utils#readme',
121 silly install resolved     _id: 'loader-utils@0.2.14',
121 silly install resolved     _shasum: '3edab2a123ebb196a1c9d6dd3e83384958843e6f',
121 silly install resolved     _from: 'loader-utils@>=0.2.7 <0.3.0',
121 silly install resolved     _npmVersion: '3.3.3',
121 silly install resolved     _nodeVersion: '5.4.1',
121 silly install resolved     _npmUser: { name: 'sokra', email: 'tobias.koppers@googlemail.com' },
121 silly install resolved     dist:
121 silly install resolved      { shasum: '3edab2a123ebb196a1c9d6dd3e83384958843e6f',
121 silly install resolved        tarball: 'https://registry.npmjs.org/loader-utils/-/loader-utils-0.2.14.tgz' },
121 silly install resolved     maintainers: [ [Object] ],
121 silly install resolved     _npmOperationalInternal:
121 silly install resolved      { host: 'packages-16-east.internal.npmjs.com',
121 silly install resolved        tmp: 'tmp/loader-utils-0.2.14.tgz_1460208526883_0.26962931361049414' },
121 silly install resolved     directories: {},
121 silly install resolved     _resolved: 'https://registry.npmjs.org/loader-utils/-/loader-utils-0.2.14.tgz',
121 silly install resolved     readme: 'ERROR: No README data found!' } ]
122 info install loader-utils@0.2.14 into c:\Users\99476\Documents\Github\graduation-project\node_modules\style-loader
123 info installOne loader-utils@0.2.14
124 verbose installOne of loader-utils to c:\Users\99476\Documents\Github\graduation-project\node_modules\style-loader not in flight; installing
125 verbose correctMkdir C:\Users\99476\AppData\Roaming\npm-cache\_locks correctMkdir not in flight; initializing
126 verbose lock using C:\Users\99476\AppData\Roaming\npm-cache\_locks\loader-utils-c01771326b804000.lock for c:\Users\99476\Documents\Github\graduation-project\node_modules\style-loader\node_modules\loader-utils
127 silly install write writing loader-utils 0.2.14 to c:\Users\99476\Documents\Github\graduation-project\node_modules\style-loader\node_modules\loader-utils
128 verbose unbuild node_modules\style-loader\node_modules\loader-utils
129 silly gentlyRm c:\Users\99476\Documents\Github\graduation-project\node_modules\style-loader\node_modules\loader-utils is being purged from base c:\Users\99476\Documents\Github\graduation-project
130 verbose gentlyRm don't care about contents; nuking c:\Users\99476\Documents\Github\graduation-project\node_modules\style-loader\node_modules\loader-utils
131 verbose tar unpack C:\Users\99476\AppData\Roaming\npm-cache\loader-utils\0.2.14\package.tgz
132 verbose tar unpacking to c:\Users\99476\Documents\Github\graduation-project\node_modules\style-loader\node_modules\loader-utils
133 silly gentlyRm c:\Users\99476\Documents\Github\graduation-project\node_modules\style-loader\node_modules\loader-utils is being purged
134 verbose gentlyRm don't care about contents; nuking c:\Users\99476\Documents\Github\graduation-project\node_modules\style-loader\node_modules\loader-utils
135 silly gunzTarPerm modes [ '777', '666' ]
136 silly gunzTarPerm extractEntry package.json
137 silly gunzTarPerm extractEntry README.md
138 silly gunzTarPerm extractEntry LICENSE
139 silly gunzTarPerm extractEntry index.js
140 verbose write writing to c:\Users\99476\Documents\Github\graduation-project\node_modules\style-loader\node_modules\loader-utils\package.json
141 info preinstall loader-utils@0.2.14
142 verbose readDependencies loading dependencies from c:\Users\99476\Documents\Github\graduation-project\node_modules\style-loader\node_modules\loader-utils\package.json
143 silly prepareForInstallMany adding big.js@^3.1.3 from loader-utils dependencies
144 silly prepareForInstallMany adding emojis-list@^1.0.0 from loader-utils dependencies
145 silly prepareForInstallMany adding json5@^0.5.0 from loader-utils dependencies
146 silly prepareForInstallMany adding object-assign@^4.0.1 from loader-utils dependencies
147 verbose readDependencies loading dependencies from c:\Users\99476\Documents\Github\graduation-project\node_modules\style-loader\node_modules\loader-utils\package.json
148 silly cache add args [ 'big.js@^3.1.3', null ]
149 verbose cache add spec big.js@^3.1.3
150 silly cache add args [ 'emojis-list@^1.0.0', null ]
151 verbose cache add spec emojis-list@^1.0.0
152 silly cache add parsed spec Result {
152 silly cache add   raw: 'big.js@^3.1.3',
152 silly cache add   scope: null,
152 silly cache add   name: 'big.js',
152 silly cache add   rawSpec: '^3.1.3',
152 silly cache add   spec: '>=3.1.3 <4.0.0',
152 silly cache add   type: 'range' }
153 silly addNamed big.js@>=3.1.3 <4.0.0
154 verbose addNamed ">=3.1.3 <4.0.0" is a valid semver range for big.js
155 silly addNameRange { name: 'big.js', range: '>=3.1.3 <4.0.0', hasData: false }
156 silly mapToRegistry name big.js
157 silly mapToRegistry using default registry
158 silly mapToRegistry registry https://registry.npmjs.org/
159 silly mapToRegistry uri https://registry.npmjs.org/big.js
160 verbose addNameRange registry:https://registry.npmjs.org/big.js not in flight; fetching
161 silly cache add parsed spec Result {
161 silly cache add   raw: 'emojis-list@^1.0.0',
161 silly cache add   scope: null,
161 silly cache add   name: 'emojis-list',
161 silly cache add   rawSpec: '^1.0.0',
161 silly cache add   spec: '>=1.0.0 <2.0.0',
161 silly cache add   type: 'range' }
162 silly addNamed emojis-list@>=1.0.0 <2.0.0
163 verbose addNamed ">=1.0.0 <2.0.0" is a valid semver range for emojis-list
164 silly addNameRange { name: 'emojis-list', range: '>=1.0.0 <2.0.0', hasData: false }
165 silly mapToRegistry name emojis-list
166 silly mapToRegistry using default registry
167 silly mapToRegistry registry https://registry.npmjs.org/
168 silly mapToRegistry uri https://registry.npmjs.org/emojis-list
169 verbose addNameRange registry:https://registry.npmjs.org/emojis-list not in flight; fetching
170 silly cache add args [ 'json5@^0.5.0', null ]
171 verbose cache add spec json5@^0.5.0
172 silly cache add parsed spec Result {
172 silly cache add   raw: 'json5@^0.5.0',
172 silly cache add   scope: null,
172 silly cache add   name: 'json5',
172 silly cache add   rawSpec: '^0.5.0',
172 silly cache add   spec: '>=0.5.0 <0.6.0',
172 silly cache add   type: 'range' }
173 silly addNamed json5@>=0.5.0 <0.6.0
174 verbose addNamed ">=0.5.0 <0.6.0" is a valid semver range for json5
175 silly addNameRange { name: 'json5', range: '>=0.5.0 <0.6.0', hasData: false }
176 silly mapToRegistry name json5
177 silly mapToRegistry using default registry
178 silly mapToRegistry registry https://registry.npmjs.org/
179 silly mapToRegistry uri https://registry.npmjs.org/json5
180 verbose addNameRange registry:https://registry.npmjs.org/json5 not in flight; fetching
181 silly cache add args [ 'object-assign@^4.0.1', null ]
182 verbose cache add spec object-assign@^4.0.1
183 silly cache add parsed spec Result {
183 silly cache add   raw: 'object-assign@^4.0.1',
183 silly cache add   scope: null,
183 silly cache add   name: 'object-assign',
183 silly cache add   rawSpec: '^4.0.1',
183 silly cache add   spec: '>=4.0.1 <5.0.0',
183 silly cache add   type: 'range' }
184 silly addNamed object-assign@>=4.0.1 <5.0.0
185 verbose addNamed ">=4.0.1 <5.0.0" is a valid semver range for object-assign
186 silly addNameRange { name: 'object-assign',
186 silly addNameRange   range: '>=4.0.1 <5.0.0',
186 silly addNameRange   hasData: false }
187 silly mapToRegistry name object-assign
188 silly mapToRegistry using default registry
189 silly mapToRegistry registry https://registry.npmjs.org/
190 silly mapToRegistry uri https://registry.npmjs.org/object-assign
191 verbose addNameRange registry:https://registry.npmjs.org/object-assign not in flight; fetching
192 verbose request uri https://registry.npmjs.org/emojis-list
193 verbose request no auth needed
194 info attempt registry request try #1 at 23:35:21
195 verbose etag "CYOBMUK5QG3TW3TQTIL1902EW"
196 http request GET https://registry.npmjs.org/emojis-list
197 verbose request uri https://registry.npmjs.org/json5
198 verbose request no auth needed
199 info attempt registry request try #1 at 23:35:21
200 verbose etag "9JL8YMKYTLMDK0YMZ2AZPELCV"
201 http request GET https://registry.npmjs.org/json5
202 verbose request uri https://registry.npmjs.org/big.js
203 verbose request no auth needed
204 info attempt registry request try #1 at 23:35:21
205 verbose etag "DJZ7VK1GW0V84QAVPNRVS4YKK"
206 http request GET https://registry.npmjs.org/big.js
207 verbose request uri https://registry.npmjs.org/object-assign
208 verbose request no auth needed
209 info attempt registry request try #1 at 23:35:21
210 verbose etag "65X2Q5N9UHXIOQC804Y02T4I2"
211 http request GET https://registry.npmjs.org/object-assign
212 http 304 https://registry.npmjs.org/json5
213 verbose headers { date: 'Mon, 11 Apr 2016 15:35:16 GMT',
213 verbose headers   via: '1.1 varnish',
213 verbose headers   'cache-control': 'max-age=300',
213 verbose headers   etag: '"9JL8YMKYTLMDK0YMZ2AZPELCV"',
213 verbose headers   age: '171',
213 verbose headers   connection: 'keep-alive',
213 verbose headers   'x-served-by': 'cache-itm7426-ITM',
213 verbose headers   'x-cache': 'HIT',
213 verbose headers   'x-cache-hits': '1',
213 verbose headers   'x-timer': 'S1460388916.965361,VS0,VE0',
213 verbose headers   vary: 'Accept-Encoding' }
214 silly get cb [ 304,
214 silly get   { date: 'Mon, 11 Apr 2016 15:35:16 GMT',
214 silly get     via: '1.1 varnish',
214 silly get     'cache-control': 'max-age=300',
214 silly get     etag: '"9JL8YMKYTLMDK0YMZ2AZPELCV"',
214 silly get     age: '171',
214 silly get     connection: 'keep-alive',
214 silly get     'x-served-by': 'cache-itm7426-ITM',
214 silly get     'x-cache': 'HIT',
214 silly get     'x-cache-hits': '1',
214 silly get     'x-timer': 'S1460388916.965361,VS0,VE0',
214 silly get     vary: 'Accept-Encoding' } ]
215 verbose etag https://registry.npmjs.org/json5 from cache
216 verbose get saving json5 to C:\Users\99476\AppData\Roaming\npm-cache\registry.npmjs.org\json5\.cache.json
217 verbose correctMkdir C:\Users\99476\AppData\Roaming\npm-cache correctMkdir not in flight; initializing
218 silly addNameRange number 2 { name: 'json5', range: '>=0.5.0 <0.6.0', hasData: true }
219 silly addNameRange versions [ 'json5',
219 silly addNameRange   [ '0.0.0', '0.0.1', '0.1.0', '0.2.0', '0.4.0', '0.5.0' ] ]
220 silly addNamed json5@0.5.0
221 verbose addNamed "0.5.0" is a plain semver version for json5
222 silly cache afterAdd json5@0.5.0
223 verbose afterAdd C:\Users\99476\AppData\Roaming\npm-cache\json5\0.5.0\package\package.json not in flight; writing
224 verbose correctMkdir C:\Users\99476\AppData\Roaming\npm-cache correctMkdir not in flight; initializing
225 verbose afterAdd C:\Users\99476\AppData\Roaming\npm-cache\json5\0.5.0\package\package.json written
226 http 304 https://registry.npmjs.org/object-assign
227 verbose headers { date: 'Mon, 11 Apr 2016 15:35:16 GMT',
227 verbose headers   via: '1.1 varnish',
227 verbose headers   'cache-control': 'max-age=300',
227 verbose headers   etag: '"65X2Q5N9UHXIOQC804Y02T4I2"',
227 verbose headers   age: '15',
227 verbose headers   connection: 'keep-alive',
227 verbose headers   'x-served-by': 'cache-itm7420-ITM',
227 verbose headers   'x-cache': 'HIT',
227 verbose headers   'x-cache-hits': '2',
227 verbose headers   'x-timer': 'S1460388916.983016,VS0,VE0',
227 verbose headers   vary: 'Accept-Encoding' }
228 silly get cb [ 304,
228 silly get   { date: 'Mon, 11 Apr 2016 15:35:16 GMT',
228 silly get     via: '1.1 varnish',
228 silly get     'cache-control': 'max-age=300',
228 silly get     etag: '"65X2Q5N9UHXIOQC804Y02T4I2"',
228 silly get     age: '15',
228 silly get     connection: 'keep-alive',
228 silly get     'x-served-by': 'cache-itm7420-ITM',
228 silly get     'x-cache': 'HIT',
228 silly get     'x-cache-hits': '2',
228 silly get     'x-timer': 'S1460388916.983016,VS0,VE0',
228 silly get     vary: 'Accept-Encoding' } ]
229 verbose etag https://registry.npmjs.org/object-assign from cache
230 verbose get saving object-assign to C:\Users\99476\AppData\Roaming\npm-cache\registry.npmjs.org\object-assign\.cache.json
231 verbose correctMkdir C:\Users\99476\AppData\Roaming\npm-cache correctMkdir not in flight; initializing
232 silly addNameRange number 2 { name: 'object-assign', range: '>=4.0.1 <5.0.0', hasData: true }
233 silly addNameRange versions [ 'object-assign',
233 silly addNameRange   [ '0.1.0',
233 silly addNameRange     '0.1.1',
233 silly addNameRange     '0.1.2',
233 silly addNameRange     '0.2.0',
233 silly addNameRange     '0.2.1',
233 silly addNameRange     '0.2.2',
233 silly addNameRange     '0.3.0',
233 silly addNameRange     '0.3.1',
233 silly addNameRange     '0.4.0',
233 silly addNameRange     '1.0.0',
233 silly addNameRange     '2.0.0',
233 silly addNameRange     '3.0.0',
233 silly addNameRange     '2.1.1',
233 silly addNameRange     '4.0.0',
233 silly addNameRange     '4.0.1' ] ]
234 silly addNamed object-assign@4.0.1
235 verbose addNamed "4.0.1" is a plain semver version for object-assign
236 silly cache afterAdd object-assign@4.0.1
237 verbose afterAdd C:\Users\99476\AppData\Roaming\npm-cache\object-assign\4.0.1\package\package.json not in flight; writing
238 verbose correctMkdir C:\Users\99476\AppData\Roaming\npm-cache correctMkdir not in flight; initializing
239 verbose afterAdd C:\Users\99476\AppData\Roaming\npm-cache\object-assign\4.0.1\package\package.json written
240 http 304 https://registry.npmjs.org/big.js
241 verbose headers { date: 'Mon, 11 Apr 2016 15:35:16 GMT',
241 verbose headers   via: '1.1 varnish',
241 verbose headers   'cache-control': 'max-age=300',
241 verbose headers   etag: '"DJZ7VK1GW0V84QAVPNRVS4YKK"',
241 verbose headers   age: '0',
241 verbose headers   connection: 'keep-alive',
241 verbose headers   'x-served-by': 'cache-itm7427-ITM',
241 verbose headers   'x-cache': 'HIT',
241 verbose headers   'x-cache-hits': '1',
241 verbose headers   'x-timer': 'S1460388916.962366,VS0,VE615',
241 verbose headers   vary: 'Accept-Encoding' }
242 silly get cb [ 304,
242 silly get   { date: 'Mon, 11 Apr 2016 15:35:16 GMT',
242 silly get     via: '1.1 varnish',
242 silly get     'cache-control': 'max-age=300',
242 silly get     etag: '"DJZ7VK1GW0V84QAVPNRVS4YKK"',
242 silly get     age: '0',
242 silly get     connection: 'keep-alive',
242 silly get     'x-served-by': 'cache-itm7427-ITM',
242 silly get     'x-cache': 'HIT',
242 silly get     'x-cache-hits': '1',
242 silly get     'x-timer': 'S1460388916.962366,VS0,VE615',
242 silly get     vary: 'Accept-Encoding' } ]
243 verbose etag https://registry.npmjs.org/big.js from cache
244 verbose get saving big.js to C:\Users\99476\AppData\Roaming\npm-cache\registry.npmjs.org\big.js\.cache.json
245 verbose correctMkdir C:\Users\99476\AppData\Roaming\npm-cache correctMkdir not in flight; initializing
246 silly addNameRange number 2 { name: 'big.js', range: '>=3.1.3 <4.0.0', hasData: true }
247 silly addNameRange versions [ 'big.js',
247 silly addNameRange   [ '2.0.0',
247 silly addNameRange     '2.1.0',
247 silly addNameRange     '2.2.0',
247 silly addNameRange     '2.4.0',
247 silly addNameRange     '2.4.1',
247 silly addNameRange     '2.5.0',
247 silly addNameRange     '2.5.1',
247 silly addNameRange     '3.0.0',
247 silly addNameRange     '3.0.1',
247 silly addNameRange     '3.0.2',
247 silly addNameRange     '3.1.1',
247 silly addNameRange     '3.1.2',
247 silly addNameRange     '3.1.3' ] ]
248 silly addNamed big.js@3.1.3
249 verbose addNamed "3.1.3" is a plain semver version for big.js
250 silly cache afterAdd big.js@3.1.3
251 verbose afterAdd C:\Users\99476\AppData\Roaming\npm-cache\big.js\3.1.3\package\package.json not in flight; writing
252 verbose correctMkdir C:\Users\99476\AppData\Roaming\npm-cache correctMkdir not in flight; initializing
253 verbose afterAdd C:\Users\99476\AppData\Roaming\npm-cache\big.js\3.1.3\package\package.json written
254 http 304 https://registry.npmjs.org/emojis-list
255 verbose headers { date: 'Mon, 11 Apr 2016 15:35:16 GMT',
255 verbose headers   via: '1.1 varnish',
255 verbose headers   'cache-control': 'max-age=300',
255 verbose headers   etag: '"CYOBMUK5QG3TW3TQTIL1902EW"',
255 verbose headers   age: '0',
255 verbose headers   connection: 'keep-alive',
255 verbose headers   'x-served-by': 'cache-itm7427-ITM',
255 verbose headers   'x-cache': 'HIT',
255 verbose headers   'x-cache-hits': '1',
255 verbose headers   'x-timer': 'S1460388916.977941,VS0,VE617',
255 verbose headers   vary: 'Accept-Encoding' }
256 silly get cb [ 304,
256 silly get   { date: 'Mon, 11 Apr 2016 15:35:16 GMT',
256 silly get     via: '1.1 varnish',
256 silly get     'cache-control': 'max-age=300',
256 silly get     etag: '"CYOBMUK5QG3TW3TQTIL1902EW"',
256 silly get     age: '0',
256 silly get     connection: 'keep-alive',
256 silly get     'x-served-by': 'cache-itm7427-ITM',
256 silly get     'x-cache': 'HIT',
256 silly get     'x-cache-hits': '1',
256 silly get     'x-timer': 'S1460388916.977941,VS0,VE617',
256 silly get     vary: 'Accept-Encoding' } ]
257 verbose etag https://registry.npmjs.org/emojis-list from cache
258 verbose get saving emojis-list to C:\Users\99476\AppData\Roaming\npm-cache\registry.npmjs.org\emojis-list\.cache.json
259 verbose correctMkdir C:\Users\99476\AppData\Roaming\npm-cache correctMkdir not in flight; initializing
260 silly addNameRange number 2 { name: 'emojis-list', range: '>=1.0.0 <2.0.0', hasData: true }
261 silly addNameRange versions [ 'emojis-list', [ '1.0.0' ] ]
262 silly addNamed emojis-list@1.0.0
263 verbose addNamed "1.0.0" is a plain semver version for emojis-list
264 silly cache afterAdd emojis-list@1.0.0
265 verbose afterAdd C:\Users\99476\AppData\Roaming\npm-cache\emojis-list\1.0.0\package\package.json not in flight; writing
266 verbose correctMkdir C:\Users\99476\AppData\Roaming\npm-cache correctMkdir not in flight; initializing
267 verbose afterAdd C:\Users\99476\AppData\Roaming\npm-cache\emojis-list\1.0.0\package\package.json written
268 silly install resolved [ { name: 'json5',
268 silly install resolved     version: '0.5.0',
268 silly install resolved     description: 'JSON for the ES5 era.',
268 silly install resolved     keywords: [ 'json', 'es5' ],
268 silly install resolved     author: { name: 'Aseem Kishore', email: 'aseem.kishore@gmail.com' },
268 silly install resolved     contributors: [ [Object], [Object], [Object] ],
268 silly install resolved     main: 'lib/json5.js',
268 silly install resolved     bin: { json5: 'lib/cli.js' },
268 silly install resolved     files: [ 'lib/' ],
268 silly install resolved     dependencies: {},
268 silly install resolved     devDependencies:
268 silly install resolved      { gulp: '^3.9.1',
268 silly install resolved        'gulp-jshint': '^2.0.0',
268 silly install resolved        jshint: '^2.9.1',
268 silly install resolved        'jshint-stylish': '^2.1.0',
268 silly install resolved        mocha: '^2.4.5' },
268 silly install resolved     scripts:
268 silly install resolved      { build: 'node ./lib/cli.js -c package.json5',
268 silly install resolved        test: 'mocha --ui exports --reporter spec' },
268 silly install resolved     homepage: 'http://json5.org/',
268 silly install resolved     license: 'MIT',
268 silly install resolved     repository: { type: 'git', url: 'git+https://github.com/aseemk/json5.git' },
268 silly install resolved     gitHead: 'c58c026a58dd0b71401f7aa99e891291a60820e3',
268 silly install resolved     bugs: { url: 'https://github.com/aseemk/json5/issues' },
268 silly install resolved     _id: 'json5@0.5.0',
268 silly install resolved     _shasum: '9b20715b026cbe3778fd769edccd822d8332a5b2',
268 silly install resolved     _from: 'json5@>=0.5.0 <0.6.0',
268 silly install resolved     _npmVersion: '3.7.3',
268 silly install resolved     _nodeVersion: '5.9.0',
268 silly install resolved     _npmUser: { name: 'jordanbtucker', email: 'jordanbtucker@gmail.com' },
268 silly install resolved     dist:
268 silly install resolved      { shasum: '9b20715b026cbe3778fd769edccd822d8332a5b2',
268 silly install resolved        tarball: 'https://registry.npmjs.org/json5/-/json5-0.5.0.tgz' },
268 silly install resolved     maintainers: [ [Object], [Object] ],
268 silly install resolved     _npmOperationalInternal:
268 silly install resolved      { host: 'packages-12-west.internal.npmjs.com',
268 silly install resolved        tmp: 'tmp/json5-0.5.0.tgz_1458238912216_0.23146007652394474' },
268 silly install resolved     directories: {},
268 silly install resolved     _resolved: 'https://registry.npmjs.org/json5/-/json5-0.5.0.tgz',
268 silly install resolved     readme: 'ERROR: No README data found!' },
268 silly install resolved   { name: 'object-assign',
268 silly install resolved     version: '4.0.1',
268 silly install resolved     description: 'ES6 Object.assign() ponyfill',
268 silly install resolved     license: 'MIT',
268 silly install resolved     repository:
268 silly install resolved      { type: 'git',
268 silly install resolved        url: 'git+https://github.com/sindresorhus/object-assign.git' },
268 silly install resolved     author:
268 silly install resolved      { name: 'Sindre Sorhus',
268 silly install resolved        email: 'sindresorhus@gmail.com',
268 silly install resolved        url: 'http://sindresorhus.com' },
268 silly install resolved     engines: { node: '>=0.10.0' },
268 silly install resolved     scripts: { test: 'xo && mocha', bench: 'matcha bench.js' },
268 silly install resolved     files: [ 'index.js' ],
268 silly install resolved     keywords:
268 silly install resolved      [ 'object',
268 silly install resolved        'assign',
268 silly install resolved        'extend',
268 silly install resolved        'properties',
268 silly install resolved        'es6',
268 silly install resolved        'ecmascript',
268 silly install resolved        'harmony',
268 silly install resolved        'ponyfill',
268 silly install resolved        'prollyfill',
268 silly install resolved        'polyfill',
268 silly install resolved        'shim',
268 silly install resolved        'browser' ],
268 silly install resolved     devDependencies: { lodash: '^3.10.1', matcha: '^0.6.0', mocha: '*', xo: '*' },
268 silly install resolved     xo: { envs: [Object] },
268 silly install resolved     gitHead: 'b0c40d37cbc43e89ad3326a9bad4c6b3133ba6d3',
268 silly install resolved     bugs: { url: 'https://github.com/sindresorhus/object-assign/issues' },
268 silly install resolved     homepage: 'https://github.com/sindresorhus/object-assign#readme',
268 silly install resolved     _id: 'object-assign@4.0.1',
268 silly install resolved     _shasum: '99504456c3598b5cad4fc59c26e8a9bb107fe0bd',
268 silly install resolved     _from: 'object-assign@>=4.0.1 <5.0.0',
268 silly install resolved     _npmVersion: '2.13.3',
268 silly install resolved     _nodeVersion: '3.0.0',
268 silly install resolved     _npmUser: { name: 'sindresorhus', email: 'sindresorhus@gmail.com' },
268 silly install resolved     dist:
268 silly install resolved      { shasum: '99504456c3598b5cad4fc59c26e8a9bb107fe0bd',
268 silly install resolved        tarball: 'http://registry.npmjs.org/object-assign/-/object-assign-4.0.1.tgz' },
268 silly install resolved     maintainers: [ [Object] ],
268 silly install resolved     directories: {},
268 silly install resolved     _resolved: 'https://registry.npmjs.org/object-assign/-/object-assign-4.0.1.tgz',
268 silly install resolved     readme: 'ERROR: No README data found!' },
268 silly install resolved   { name: 'big.js',
268 silly install resolved     description: 'A small, fast, easy-to-use library for arbitrary-precision decimal arithmetic',
268 silly install resolved     version: '3.1.3',
268 silly install resolved     keywords:
268 silly install resolved      [ 'arbitrary',
268 silly install resolved        'precision',
268 silly install resolved        'arithmetic',
268 silly install resolved        'big',
268 silly install resolved        'number',
268 silly install resolved        'decimal',
268 silly install resolved        'float',
268 silly install resolved        'biginteger',
268 silly install resolved        'bigdecimal',
268 silly install resolved        'bignumber',
268 silly install resolved        'bigint',
268 silly install resolved        'bignum' ],
268 silly install resolved     repository:
268 silly install resolved      { type: 'git',
268 silly install resolved        url: 'git+https://github.com/MikeMcl/big.js.git' },
268 silly install resolved     main: './big',
268 silly install resolved     author: { name: 'Michael Mclaughlin', email: 'M8ch88l@gmail.com' },
268 silly install resolved     bugs: { url: 'https://github.com/MikeMcl/big.js/issues' },
268 silly install resolved     engines: { node: '*' },
268 silly install resolved     license: 'MIT',
268 silly install resolved     scripts:
268 silly install resolved      { test: 'node ./test/every-test.js',
268 silly install resolved        build: 'uglifyjs -o ./big.min.js ./big.js' },
268 silly install resolved     files: [ 'big.js', 'big.min.js' ],
268 silly install resolved     gitHead: '86268e96b3dbf6db8ce319489f410277d9d4ea1b',
268 silly install resolved     homepage: 'https://github.com/MikeMcl/big.js#readme',
268 silly install resolved     _id: 'big.js@3.1.3',
268 silly install resolved     _shasum: '4cada2193652eb3ca9ec8e55c9015669c9806978',
268 silly install resolved     _from: 'big.js@>=3.1.3 <4.0.0',
268 silly install resolved     _npmVersion: '2.9.1',
268 silly install resolved     _nodeVersion: '0.12.0',
268 silly install resolved     _npmUser: { name: 'mikemcl', email: 'M8ch88l@gmail.com' },
268 silly install resolved     maintainers: [ [Object] ],
268 silly install resolved     dist:
268 silly install resolved      { shasum: '4cada2193652eb3ca9ec8e55c9015669c9806978',
268 silly install resolved        tarball: 'https://registry.npmjs.org/big.js/-/big.js-3.1.3.tgz' },
268 silly install resolved     directories: {},
268 silly install resolved     _resolved: 'https://registry.npmjs.org/big.js/-/big.js-3.1.3.tgz',
268 silly install resolved     readme: 'ERROR: No README data found!' },
268 silly install resolved   { name: 'emojis-list',
268 silly install resolved     description: 'Complete list of standard emojis.',
268 silly install resolved     homepage: 'https://github.com/Kikobeats/emojis-list',
268 silly install resolved     version: '1.0.0',
268 silly install resolved     main: './index.js',
268 silly install resolved     author:
268 silly install resolved      { name: 'Kiko Beats',
268 silly install resolved        email: 'josefrancisco.verdu@gmail.com',
268 silly install resolved        url: 'https://github.com/Kikobeats' },
268 silly install resolved     repository:
268 silly install resolved      { type: 'git',
268 silly install resolved        url: 'git+https://github.com/kikobeats/emojis-list.git' },
268 silly install resolved     bugs: { url: 'https://github.com/Kikobeats/emojis-list/issues' },
268 silly install resolved     keywords: [ 'emoji', 'list', 'complete', 'archive', 'standard' ],
268 silly install resolved     engines: { node: '>= 0.10.0', npm: '>= 1.4.0' },
268 silly install resolved     scripts: { test: 'sh test/test.sh' },
268 silly install resolved     license: 'MIT',
268 silly install resolved     gitHead: '9f0564cff4cda151c1751a91113eb0390ec9477a',
268 silly install resolved     _id: 'emojis-list@1.0.0',
268 silly install resolved     _shasum: '603c10b88c64800df15f897df6814a48a48ee3e2',
268 silly install resolved     _from: 'emojis-list@>=1.0.0 <2.0.0',
268 silly install resolved     _npmVersion: '2.9.1',
268 silly install resolved     _nodeVersion: '0.10.24',
268 silly install resolved     _npmUser: { name: 'kikobeats', email: 'josefrancisco.verdu@gmail.com' },
268 silly install resolved     dist:
268 silly install resolved      { shasum: '603c10b88c64800df15f897df6814a48a48ee3e2',
268 silly install resolved        tarball: 'https://registry.npmjs.org/emojis-list/-/emojis-list-1.0.0.tgz' },
268 silly install resolved     maintainers: [ [Object] ],
268 silly install resolved     directories: {},
268 silly install resolved     _resolved: 'https://registry.npmjs.org/emojis-list/-/emojis-list-1.0.0.tgz',
268 silly install resolved     readme: 'ERROR: No README data found!' } ]
269 info install json5@0.5.0 into c:\Users\99476\Documents\Github\graduation-project\node_modules\style-loader\node_modules\loader-utils
270 info install object-assign@4.0.1 into c:\Users\99476\Documents\Github\graduation-project\node_modules\style-loader\node_modules\loader-utils
271 info install big.js@3.1.3 into c:\Users\99476\Documents\Github\graduation-project\node_modules\style-loader\node_modules\loader-utils
272 info install emojis-list@1.0.0 into c:\Users\99476\Documents\Github\graduation-project\node_modules\style-loader\node_modules\loader-utils
273 info installOne json5@0.5.0
274 verbose installOne of json5 to c:\Users\99476\Documents\Github\graduation-project\node_modules\style-loader\node_modules\loader-utils not in flight; installing
275 verbose correctMkdir C:\Users\99476\AppData\Roaming\npm-cache\_locks correctMkdir not in flight; initializing
276 info installOne object-assign@4.0.1
277 verbose installOne of object-assign to c:\Users\99476\Documents\Github\graduation-project\node_modules\style-loader\node_modules\loader-utils not in flight; installing
278 verbose correctMkdir C:\Users\99476\AppData\Roaming\npm-cache\_locks correctMkdir not in flight; initializing
279 info installOne big.js@3.1.3
280 verbose installOne of big.js to c:\Users\99476\Documents\Github\graduation-project\node_modules\style-loader\node_modules\loader-utils not in flight; installing
281 verbose correctMkdir C:\Users\99476\AppData\Roaming\npm-cache\_locks correctMkdir not in flight; initializing
282 info installOne emojis-list@1.0.0
283 verbose installOne of emojis-list to c:\Users\99476\Documents\Github\graduation-project\node_modules\style-loader\node_modules\loader-utils not in flight; installing
284 verbose correctMkdir C:\Users\99476\AppData\Roaming\npm-cache\_locks correctMkdir not in flight; initializing
285 verbose lock using C:\Users\99476\AppData\Roaming\npm-cache\_locks\json5-df22df1db3662f3a.lock for c:\Users\99476\Documents\Github\graduation-project\node_modules\style-loader\node_modules\loader-utils\node_modules\json5
286 silly install write writing json5 0.5.0 to c:\Users\99476\Documents\Github\graduation-project\node_modules\style-loader\node_modules\loader-utils\node_modules\json5
287 verbose lock using C:\Users\99476\AppData\Roaming\npm-cache\_locks\object-assign-6fe44137e40fb3bb.lock for c:\Users\99476\Documents\Github\graduation-project\node_modules\style-loader\node_modules\loader-utils\node_modules\object-assign
288 silly install write writing object-assign 4.0.1 to c:\Users\99476\Documents\Github\graduation-project\node_modules\style-loader\node_modules\loader-utils\node_modules\object-assign
289 verbose lock using C:\Users\99476\AppData\Roaming\npm-cache\_locks\big-js-c6c203234c878961.lock for c:\Users\99476\Documents\Github\graduation-project\node_modules\style-loader\node_modules\loader-utils\node_modules\big.js
290 verbose lock using C:\Users\99476\AppData\Roaming\npm-cache\_locks\emojis-list-47d47264bab5902a.lock for c:\Users\99476\Documents\Github\graduation-project\node_modules\style-loader\node_modules\loader-utils\node_modules\emojis-list
291 silly install write writing big.js 3.1.3 to c:\Users\99476\Documents\Github\graduation-project\node_modules\style-loader\node_modules\loader-utils\node_modules\big.js
292 silly install write writing emojis-list 1.0.0 to c:\Users\99476\Documents\Github\graduation-project\node_modules\style-loader\node_modules\loader-utils\node_modules\emojis-list
293 verbose unbuild node_modules\style-loader\node_modules\loader-utils\node_modules\json5
294 verbose unbuild node_modules\style-loader\node_modules\loader-utils\node_modules\object-assign
295 silly gentlyRm c:\Users\99476\Documents\Github\graduation-project\node_modules\style-loader\node_modules\loader-utils\node_modules\json5 is being purged from base c:\Users\99476\Documents\Github\graduation-project
296 verbose gentlyRm don't care about contents; nuking c:\Users\99476\Documents\Github\graduation-project\node_modules\style-loader\node_modules\loader-utils\node_modules\json5
297 verbose unbuild node_modules\style-loader\node_modules\loader-utils\node_modules\big.js
298 verbose unbuild node_modules\style-loader\node_modules\loader-utils\node_modules\emojis-list
299 silly gentlyRm c:\Users\99476\Documents\Github\graduation-project\node_modules\style-loader\node_modules\loader-utils\node_modules\object-assign is being purged from base c:\Users\99476\Documents\Github\graduation-project
300 verbose gentlyRm don't care about contents; nuking c:\Users\99476\Documents\Github\graduation-project\node_modules\style-loader\node_modules\loader-utils\node_modules\object-assign
301 verbose tar unpack C:\Users\99476\AppData\Roaming\npm-cache\json5\0.5.0\package.tgz
302 verbose tar unpacking to c:\Users\99476\Documents\Github\graduation-project\node_modules\style-loader\node_modules\loader-utils\node_modules\json5
303 silly gentlyRm c:\Users\99476\Documents\Github\graduation-project\node_modules\style-loader\node_modules\loader-utils\node_modules\json5 is being purged
304 verbose gentlyRm don't care about contents; nuking c:\Users\99476\Documents\Github\graduation-project\node_modules\style-loader\node_modules\loader-utils\node_modules\json5
305 verbose tar unpack C:\Users\99476\AppData\Roaming\npm-cache\object-assign\4.0.1\package.tgz
306 verbose tar unpacking to c:\Users\99476\Documents\Github\graduation-project\node_modules\style-loader\node_modules\loader-utils\node_modules\object-assign
307 silly gentlyRm c:\Users\99476\Documents\Github\graduation-project\node_modules\style-loader\node_modules\loader-utils\node_modules\object-assign is being purged
308 verbose gentlyRm don't care about contents; nuking c:\Users\99476\Documents\Github\graduation-project\node_modules\style-loader\node_modules\loader-utils\node_modules\object-assign
309 silly gunzTarPerm modes [ '777', '666' ]
310 silly gentlyRm c:\Users\99476\Documents\Github\graduation-project\node_modules\style-loader\node_modules\loader-utils\node_modules\big.js is being purged from base c:\Users\99476\Documents\Github\graduation-project
311 verbose gentlyRm don't care about contents; nuking c:\Users\99476\Documents\Github\graduation-project\node_modules\style-loader\node_modules\loader-utils\node_modules\big.js
312 silly gentlyRm c:\Users\99476\Documents\Github\graduation-project\node_modules\style-loader\node_modules\loader-utils\node_modules\emojis-list is being purged from base c:\Users\99476\Documents\Github\graduation-project
313 verbose gentlyRm don't care about contents; nuking c:\Users\99476\Documents\Github\graduation-project\node_modules\style-loader\node_modules\loader-utils\node_modules\emojis-list
314 silly gunzTarPerm modes [ '777', '666' ]
315 verbose tar unpack C:\Users\99476\AppData\Roaming\npm-cache\big.js\3.1.3\package.tgz
316 verbose tar unpacking to c:\Users\99476\Documents\Github\graduation-project\node_modules\style-loader\node_modules\loader-utils\node_modules\big.js
317 silly gentlyRm c:\Users\99476\Documents\Github\graduation-project\node_modules\style-loader\node_modules\loader-utils\node_modules\big.js is being purged
318 verbose gentlyRm don't care about contents; nuking c:\Users\99476\Documents\Github\graduation-project\node_modules\style-loader\node_modules\loader-utils\node_modules\big.js
319 verbose tar unpack C:\Users\99476\AppData\Roaming\npm-cache\emojis-list\1.0.0\package.tgz
320 verbose tar unpacking to c:\Users\99476\Documents\Github\graduation-project\node_modules\style-loader\node_modules\loader-utils\node_modules\emojis-list
321 silly gentlyRm c:\Users\99476\Documents\Github\graduation-project\node_modules\style-loader\node_modules\loader-utils\node_modules\emojis-list is being purged
322 verbose gentlyRm don't care about contents; nuking c:\Users\99476\Documents\Github\graduation-project\node_modules\style-loader\node_modules\loader-utils\node_modules\emojis-list
323 silly gunzTarPerm modes [ '777', '666' ]
324 silly gunzTarPerm modes [ '777', '666' ]
325 silly gunzTarPerm extractEntry package.json
326 silly gunzTarPerm extractEntry package.json
327 silly gunzTarPerm modified mode [ 'package.json', 420, 438 ]
328 silly gunzTarPerm extractEntry package.json
329 silly gunzTarPerm extractEntry package.json
330 silly gunzTarPerm modified mode [ 'package.json', 420, 438 ]
331 silly gunzTarPerm extractEntry README.md
332 silly gunzTarPerm extractEntry CHANGELOG.md
333 silly gunzTarPerm extractEntry index.js
334 silly gunzTarPerm modified mode [ 'index.js', 420, 438 ]
335 silly gunzTarPerm extractEntry license
336 silly gunzTarPerm modified mode [ 'license', 420, 438 ]
337 silly gunzTarPerm extractEntry README.md
338 silly gunzTarPerm extractEntry LICENCE
339 silly gunzTarPerm extractEntry .npmignore
340 silly gunzTarPerm modified mode [ '.npmignore', 493, 511 ]
341 silly gunzTarPerm extractEntry README.md
342 silly gunzTarPerm modified mode [ 'README.md', 493, 511 ]
343 silly gunzTarPerm extractEntry lib/cli.js
344 silly gunzTarPerm extractEntry update.js
345 silly gunzTarPerm modified mode [ 'update.js', 420, 438 ]
346 silly gunzTarPerm extractEntry index.js
347 silly gunzTarPerm modified mode [ 'index.js', 420, 438 ]
348 silly gunzTarPerm extractEntry big.js
349 silly gunzTarPerm extractEntry big.min.js
350 silly gunzTarPerm extractEntry readme.md
351 silly gunzTarPerm modified mode [ 'readme.md', 420, 438 ]
352 silly gunzTarPerm extractEntry .jscsrc
353 silly gunzTarPerm modified mode [ '.jscsrc', 493, 511 ]
354 silly gunzTarPerm extractEntry .jshintrc
355 silly gunzTarPerm modified mode [ '.jshintrc', 493, 511 ]
356 silly gunzTarPerm extractEntry lib/json5.js
357 silly gunzTarPerm extractEntry lib/require.js
358 silly gunzTarPerm extractEntry .npmrc
359 silly gunzTarPerm modified mode [ '.npmrc', 420, 438 ]
360 silly gunzTarPerm extractEntry .travis.yml
361 silly gunzTarPerm modified mode [ '.travis.yml', 493, 511 ]
362 verbose write writing to c:\Users\99476\Documents\Github\graduation-project\node_modules\style-loader\node_modules\loader-utils\node_modules\object-assign\package.json
363 silly gunzTarPerm extractEntry .bumpedrc
364 silly gunzTarPerm modified mode [ '.bumpedrc', 420, 438 ]
365 silly gunzTarPerm extractEntry .editorconfig
366 silly gunzTarPerm modified mode [ '.editorconfig', 493, 511 ]
367 info preinstall object-assign@4.0.1
368 silly gunzTarPerm extractEntry bower.json
369 silly gunzTarPerm modified mode [ 'bower.json', 420, 438 ]
370 verbose readDependencies loading dependencies from c:\Users\99476\Documents\Github\graduation-project\node_modules\style-loader\node_modules\loader-utils\node_modules\object-assign\package.json
371 verbose readDependencies loading dependencies from c:\Users\99476\Documents\Github\graduation-project\node_modules\style-loader\node_modules\loader-utils\node_modules\object-assign\package.json
372 silly gunzTarPerm extractEntry dist/emojis-list.js
373 silly gunzTarPerm modified mode [ 'dist/emojis-list.js', 420, 438 ]
374 silly gunzTarPerm extractEntry dist/example.html
375 silly gunzTarPerm modified mode [ 'dist/example.html', 420, 438 ]
376 silly install resolved []
377 verbose about to build c:\Users\99476\Documents\Github\graduation-project\node_modules\style-loader\node_modules\loader-utils\node_modules\object-assign
378 info build c:\Users\99476\Documents\Github\graduation-project\node_modules\style-loader\node_modules\loader-utils\node_modules\object-assign
379 verbose write writing to c:\Users\99476\Documents\Github\graduation-project\node_modules\style-loader\node_modules\loader-utils\node_modules\big.js\package.json
380 info linkStuff object-assign@4.0.1
381 silly linkStuff object-assign@4.0.1 has c:\Users\99476\Documents\Github\graduation-project\node_modules\style-loader\node_modules\loader-utils\node_modules as its parent node_modules
382 silly gunzTarPerm extractEntry emojis.json
383 silly gunzTarPerm modified mode [ 'emojis.json', 420, 438 ]
384 silly gunzTarPerm extractEntry gulpfile.coffee
385 silly gunzTarPerm modified mode [ 'gulpfile.coffee', 420, 438 ]
386 verbose write writing to c:\Users\99476\Documents\Github\graduation-project\node_modules\style-loader\node_modules\loader-utils\node_modules\json5\package.json
387 verbose linkBins object-assign@4.0.1
388 verbose linkMans object-assign@4.0.1
389 verbose rebuildBundles object-assign@4.0.1
390 info preinstall big.js@3.1.3
391 info install object-assign@4.0.1
392 verbose readDependencies loading dependencies from c:\Users\99476\Documents\Github\graduation-project\node_modules\style-loader\node_modules\loader-utils\node_modules\big.js\package.json
393 info postinstall object-assign@4.0.1
394 verbose unlock done using C:\Users\99476\AppData\Roaming\npm-cache\_locks\object-assign-6fe44137e40fb3bb.lock for c:\Users\99476\Documents\Github\graduation-project\node_modules\style-loader\node_modules\loader-utils\node_modules\object-assign
395 info preinstall json5@0.5.0
396 silly gunzTarPerm extractEntry .gitattributes
397 silly gunzTarPerm modified mode [ '.gitattributes', 493, 511 ]
398 silly gunzTarPerm extractEntry LICENSE.md
399 silly gunzTarPerm modified mode [ 'LICENSE.md', 493, 511 ]
400 verbose readDependencies loading dependencies from c:\Users\99476\Documents\Github\graduation-project\node_modules\style-loader\node_modules\loader-utils\node_modules\big.js\package.json
401 verbose readDependencies loading dependencies from c:\Users\99476\Documents\Github\graduation-project\node_modules\style-loader\node_modules\loader-utils\node_modules\json5\package.json
402 silly install resolved []
403 verbose about to build c:\Users\99476\Documents\Github\graduation-project\node_modules\style-loader\node_modules\loader-utils\node_modules\big.js
404 info build c:\Users\99476\Documents\Github\graduation-project\node_modules\style-loader\node_modules\loader-utils\node_modules\big.js
405 verbose readDependencies loading dependencies from c:\Users\99476\Documents\Github\graduation-project\node_modules\style-loader\node_modules\loader-utils\node_modules\json5\package.json
406 info linkStuff big.js@3.1.3
407 silly linkStuff big.js@3.1.3 has c:\Users\99476\Documents\Github\graduation-project\node_modules\style-loader\node_modules\loader-utils\node_modules as its parent node_modules
408 silly install resolved []
409 verbose about to build c:\Users\99476\Documents\Github\graduation-project\node_modules\style-loader\node_modules\loader-utils\node_modules\json5
410 info build c:\Users\99476\Documents\Github\graduation-project\node_modules\style-loader\node_modules\loader-utils\node_modules\json5
411 verbose linkBins big.js@3.1.3
412 verbose linkMans big.js@3.1.3
413 verbose rebuildBundles big.js@3.1.3
414 info linkStuff json5@0.5.0
415 silly linkStuff json5@0.5.0 has c:\Users\99476\Documents\Github\graduation-project\node_modules\style-loader\node_modules\loader-utils\node_modules as its parent node_modules
416 info install big.js@3.1.3
417 info postinstall big.js@3.1.3
418 verbose unlock done using C:\Users\99476\AppData\Roaming\npm-cache\_locks\big-js-c6c203234c878961.lock for c:\Users\99476\Documents\Github\graduation-project\node_modules\style-loader\node_modules\loader-utils\node_modules\big.js
419 verbose linkBins json5@0.5.0
420 verbose link bins [ { json5: 'lib/cli.js' },
420 verbose link bins   'c:\\Users\\99476\\Documents\\Github\\graduation-project\\node_modules\\style-loader\\node_modules\\loader-utils\\node_modules\\.bin',
420 verbose link bins   false ]
421 verbose linkMans json5@0.5.0
422 verbose rebuildBundles json5@0.5.0
423 info install json5@0.5.0
424 info postinstall json5@0.5.0
425 verbose unlock done using C:\Users\99476\AppData\Roaming\npm-cache\_locks\json5-df22df1db3662f3a.lock for c:\Users\99476\Documents\Github\graduation-project\node_modules\style-loader\node_modules\loader-utils\node_modules\json5
426 verbose write writing to c:\Users\99476\Documents\Github\graduation-project\node_modules\style-loader\node_modules\loader-utils\node_modules\emojis-list\package.json
427 info preinstall emojis-list@1.0.0
428 verbose readDependencies loading dependencies from c:\Users\99476\Documents\Github\graduation-project\node_modules\style-loader\node_modules\loader-utils\node_modules\emojis-list\package.json
429 verbose readDependencies loading dependencies from c:\Users\99476\Documents\Github\graduation-project\node_modules\style-loader\node_modules\loader-utils\node_modules\emojis-list\package.json
430 silly install resolved []
431 verbose about to build c:\Users\99476\Documents\Github\graduation-project\node_modules\style-loader\node_modules\loader-utils\node_modules\emojis-list
432 info build c:\Users\99476\Documents\Github\graduation-project\node_modules\style-loader\node_modules\loader-utils\node_modules\emojis-list
433 info linkStuff emojis-list@1.0.0
434 silly linkStuff emojis-list@1.0.0 has c:\Users\99476\Documents\Github\graduation-project\node_modules\style-loader\node_modules\loader-utils\node_modules as its parent node_modules
435 verbose linkBins emojis-list@1.0.0
436 verbose linkMans emojis-list@1.0.0
437 verbose rebuildBundles emojis-list@1.0.0
438 info install emojis-list@1.0.0
439 info postinstall emojis-list@1.0.0
440 verbose unlock done using C:\Users\99476\AppData\Roaming\npm-cache\_locks\emojis-list-47d47264bab5902a.lock for c:\Users\99476\Documents\Github\graduation-project\node_modules\style-loader\node_modules\loader-utils\node_modules\emojis-list
441 verbose about to build c:\Users\99476\Documents\Github\graduation-project\node_modules\style-loader\node_modules\loader-utils
442 info build c:\Users\99476\Documents\Github\graduation-project\node_modules\style-loader\node_modules\loader-utils
443 info linkStuff loader-utils@0.2.14
444 silly linkStuff loader-utils@0.2.14 has c:\Users\99476\Documents\Github\graduation-project\node_modules\style-loader\node_modules as its parent node_modules
445 verbose linkBins loader-utils@0.2.14
446 verbose linkMans loader-utils@0.2.14
447 verbose rebuildBundles loader-utils@0.2.14
448 verbose rebuildBundles [ '.bin', 'big.js', 'emojis-list', 'json5', 'object-assign' ]
449 info install loader-utils@0.2.14
450 info postinstall loader-utils@0.2.14
451 verbose unlock done using C:\Users\99476\AppData\Roaming\npm-cache\_locks\loader-utils-c01771326b804000.lock for c:\Users\99476\Documents\Github\graduation-project\node_modules\style-loader\node_modules\loader-utils
452 verbose about to build c:\Users\99476\Documents\Github\graduation-project\node_modules\style-loader
453 info build c:\Users\99476\Documents\Github\graduation-project\node_modules\style-loader
454 info linkStuff style-loader@0.13.1
455 silly linkStuff style-loader@0.13.1 has c:\Users\99476\Documents\Github\graduation-project\node_modules as its parent node_modules
456 verbose linkBins style-loader@0.13.1
457 verbose linkMans style-loader@0.13.1
458 verbose rebuildBundles style-loader@0.13.1
459 verbose rebuildBundles [ 'loader-utils' ]
460 info install style-loader@0.13.1
461 info postinstall style-loader@0.13.1
462 verbose unlock done using C:\Users\99476\AppData\Roaming\npm-cache\_locks\style-loader-3fc246e208956d20.lock for c:\Users\99476\Documents\Github\graduation-project\node_modules\style-loader
463 verbose validateInstall loading c:\Users\99476\Documents\Github\graduation-project\package.json for validation
464 verbose stack Error: The package react@0.14.8 does not satisfy its siblings' peerDependencies requirements!
464 verbose stack     at d:\Program Files\nodejs\node_modules\npm\lib\install.js:125:32
464 verbose stack     at d:\Program Files\nodejs\node_modules\npm\lib\install.js:268:7
464 verbose stack     at d:\Program Files\nodejs\node_modules\npm\node_modules\read-installed\read-installed.js:142:5
464 verbose stack     at d:\Program Files\nodejs\node_modules\npm\node_modules\read-installed\read-installed.js:263:14
464 verbose stack     at cb (d:\Program Files\nodejs\node_modules\npm\node_modules\slide\lib\async-map.js:47:24)
464 verbose stack     at d:\Program Files\nodejs\node_modules\npm\node_modules\read-installed\read-installed.js:263:14
464 verbose stack     at cb (d:\Program Files\nodejs\node_modules\npm\node_modules\slide\lib\async-map.js:47:24)
464 verbose stack     at d:\Program Files\nodejs\node_modules\npm\node_modules\read-installed\read-installed.js:263:14
464 verbose stack     at cb (d:\Program Files\nodejs\node_modules\npm\node_modules\slide\lib\async-map.js:47:24)
464 verbose stack     at d:\Program Files\nodejs\node_modules\npm\node_modules\read-installed\read-installed.js:263:14
465 verbose cwd c:\Users\99476\Documents\Github\graduation-project
466 error Windows_NT 10.0.10586
467 error argv "d:\\Program Files\\nodejs\\node.exe" "d:\\Program Files\\nodejs\\node_modules\\npm\\bin\\npm-cli.js" "i" "style-loader" "--save"
468 error node v4.4.0
469 error npm  v2.14.20
470 error code EPEERINVALID
471 error peerinvalid The package react@0.14.8 does not satisfy its siblings' peerDependencies requirements!
471 error peerinvalid Peer react-dom@15.0.1 wants react@^15.0.1
472 verbose exit [ 1, true ]
